Terminals unused in grammar

    GEQ
    LEQ
    EQ


Grammar

    0 $accept: input_content $end

    1 input_content: MULTIVARIATE_POLYNOMIAL '{' multivariate_polynomial '}'
    2              | UNIVARIATE_POLYNOMIAL '{' univariate_polynomial '}'
    3              | EXPRESSION '{' expression '}'

    4 multivariate_polynomial: multivariate_polynomial '+' multivariate_polynomial
    5                        | multivariate_polynomial '-' multivariate_polynomial
    6                        | '(' multivariate_polynomial ')'
    7                        | multivariate_polynomial '*' multivariate_polynomial
    8                        | multivariate_polynomial '^' NUM
    9                        | '-' multivariate_polynomial
   10                        | IDENT
   11                        | '[' NUM ',' NUM ']'
   12                        | NUM

   13 univariate_polynomial: univariate_polynomial '+' univariate_polynomial
   14                      | univariate_polynomial '-' univariate_polynomial
   15                      | '(' univariate_polynomial ')'
   16                      | univariate_polynomial '*' univariate_polynomial
   17                      | univariate_polynomial '^' NUM
   18                      | '-' univariate_polynomial
   19                      | IDENT
   20                      | NUM

   21 expression: expression '+' expression
   22           | expression '-' expression
   23           | '(' expression ')'
   24           | expression '*' expression
   25           | expression '^' NUM
   26           | '-' expression
   27           | IDENT
   28           | '[' NUM ',' NUM ']'
   29           | NUM
   30           | expression '/' expression
   31           | EXP '(' expression ')'
   32           | SIN '(' expression ')'
   33           | COS '(' expression ')'
   34           | LOG '(' expression ')'
   35           | SQRT '(' expression ')'


Terminals, with rules where they appear

    $end (0) 0
    '(' (40) 6 15 23 31 32 33 34 35
    ')' (41) 6 15 23 31 32 33 34 35
    '*' (42) 7 16 24
    '+' (43) 4 13 21
    ',' (44) 11 28
    '-' (45) 5 9 14 18 22 26
    '/' (47) 30
    '[' (91) 11 28
    ']' (93) 11 28
    '^' (94) 8 17 25
    '{' (123) 1 2 3
    '}' (125) 1 2 3
    error (256)
    NUM <dblVal> (258) 8 11 12 17 20 25 28 29
    IDENT <identifier> (259) 10 19 27
    EXP (260) 31
    SIN (261) 32
    COS (262) 33
    LOG (263) 34
    SQRT (264) 35
    UNIVARIATE_POLYNOMIAL (265) 2
    MULTIVARIATE_POLYNOMIAL (266) 1
    EXPRESSION (267) 3
    GEQ (268)
    LEQ (269)
    EQ (270)
    uminus (271)


Nonterminals, with rules where they appear

    $accept (29)
        on left: 0
    input_content (30)
        on left: 1 2 3
        on right: 0
    multivariate_polynomial <intPoly> (31)
        on left: 4 5 6 7 8 9 10 11 12
        on right: 1 4 5 6 7 8 9
    univariate_polynomial <uniPoly> (32)
        on left: 13 14 15 16 17 18 19 20
        on right: 2 13 14 15 16 17 18
    expression <pIntExpression> (33)
        on left: 21 22 23 24 25 26 27 28 29 30 31 32 33 34 35
        on right: 3 21 22 23 24 25 26 30 31 32 33 34 35


State 0

    0 $accept: • input_content $end

    UNIVARIATE_POLYNOMIAL    shift, and go to state 1
    MULTIVARIATE_POLYNOMIAL  shift, and go to state 2
    EXPRESSION               shift, and go to state 3

    input_content  go to state 4


State 1

    2 input_content: UNIVARIATE_POLYNOMIAL • '{' univariate_polynomial '}'

    '{'  shift, and go to state 5


State 2

    1 input_content: MULTIVARIATE_POLYNOMIAL • '{' multivariate_polynomial '}'

    '{'  shift, and go to state 6


State 3

    3 input_content: EXPRESSION • '{' expression '}'

    '{'  shift, and go to state 7


State 4

    0 $accept: input_content • $end

    $end  shift, and go to state 8


State 5

    2 input_content: UNIVARIATE_POLYNOMIAL '{' • univariate_polynomial '}'

    NUM    shift, and go to state 9
    IDENT  shift, and go to state 10
    '-'    shift, and go to state 11
    '('    shift, and go to state 12

    univariate_polynomial  go to state 13


State 6

    1 input_content: MULTIVARIATE_POLYNOMIAL '{' • multivariate_polynomial '}'

    NUM    shift, and go to state 14
    IDENT  shift, and go to state 15
    '-'    shift, and go to state 16
    '('    shift, and go to state 17
    '['    shift, and go to state 18

    multivariate_polynomial  go to state 19


State 7

    3 input_content: EXPRESSION '{' • expression '}'

    NUM    shift, and go to state 20
    IDENT  shift, and go to state 21
    EXP    shift, and go to state 22
    SIN    shift, and go to state 23
    COS    shift, and go to state 24
    LOG    shift, and go to state 25
    SQRT   shift, and go to state 26
    '-'    shift, and go to state 27
    '('    shift, and go to state 28
    '['    shift, and go to state 29

    expression  go to state 30


State 8

    0 $accept: input_content $end •

    $default  accept


State 9

   20 univariate_polynomial: NUM •

    $default  reduce using rule 20 (univariate_polynomial)


State 10

   19 univariate_polynomial: IDENT •

    $default  reduce using rule 19 (univariate_polynomial)


State 11

   18 univariate_polynomial: '-' • univariate_polynomial

    NUM    shift, and go to state 9
    IDENT  shift, and go to state 10
    '-'    shift, and go to state 11
    '('    shift, and go to state 12

    univariate_polynomial  go to state 31


State 12

   15 univariate_polynomial: '(' • univariate_polynomial ')'

    NUM    shift, and go to state 9
    IDENT  shift, and go to state 10
    '-'    shift, and go to state 11
    '('    shift, and go to state 12

    univariate_polynomial  go to state 32


State 13

    2 input_content: UNIVARIATE_POLYNOMIAL '{' univariate_polynomial • '}'
   13 univariate_polynomial: univariate_polynomial • '+' univariate_polynomial
   14                      | univariate_polynomial • '-' univariate_polynomial
   16                      | univariate_polynomial • '*' univariate_polynomial
   17                      | univariate_polynomial • '^' NUM

    '+'  shift, and go to state 33
    '-'  shift, and go to state 34
    '*'  shift, and go to state 35
    '^'  shift, and go to state 36
    '}'  shift, and go to state 37


State 14

   12 multivariate_polynomial: NUM •

    $default  reduce using rule 12 (multivariate_polynomial)


State 15

   10 multivariate_polynomial: IDENT •

    $default  reduce using rule 10 (multivariate_polynomial)


State 16

    9 multivariate_polynomial: '-' • multivariate_polynomial

    NUM    shift, and go to state 14
    IDENT  shift, and go to state 15
    '-'    shift, and go to state 16
    '('    shift, and go to state 17
    '['    shift, and go to state 18

    multivariate_polynomial  go to state 38


State 17

    6 multivariate_polynomial: '(' • multivariate_polynomial ')'

    NUM    shift, and go to state 14
    IDENT  shift, and go to state 15
    '-'    shift, and go to state 16
    '('    shift, and go to state 17
    '['    shift, and go to state 18

    multivariate_polynomial  go to state 39


State 18

   11 multivariate_polynomial: '[' • NUM ',' NUM ']'

    NUM  shift, and go to state 40


State 19

    1 input_content: MULTIVARIATE_POLYNOMIAL '{' multivariate_polynomial • '}'
    4 multivariate_polynomial: multivariate_polynomial • '+' multivariate_polynomial
    5                        | multivariate_polynomial • '-' multivariate_polynomial
    7                        | multivariate_polynomial • '*' multivariate_polynomial
    8                        | multivariate_polynomial • '^' NUM

    '+'  shift, and go to state 41
    '-'  shift, and go to state 42
    '*'  shift, and go to state 43
    '^'  shift, and go to state 44
    '}'  shift, and go to state 45


State 20

   29 expression: NUM •

    $default  reduce using rule 29 (expression)


State 21

   27 expression: IDENT •

    $default  reduce using rule 27 (expression)


State 22

   31 expression: EXP • '(' expression ')'

    '('  shift, and go to state 46


State 23

   32 expression: SIN • '(' expression ')'

    '('  shift, and go to state 47


State 24

   33 expression: COS • '(' expression ')'

    '('  shift, and go to state 48


State 25

   34 expression: LOG • '(' expression ')'

    '('  shift, and go to state 49


State 26

   35 expression: SQRT • '(' expression ')'

    '('  shift, and go to state 50


State 27

   26 expression: '-' • expression

    NUM    shift, and go to state 20
    IDENT  shift, and go to state 21
    EXP    shift, and go to state 22
    SIN    shift, and go to state 23
    COS    shift, and go to state 24
    LOG    shift, and go to state 25
    SQRT   shift, and go to state 26
    '-'    shift, and go to state 27
    '('    shift, and go to state 28
    '['    shift, and go to state 29

    expression  go to state 51


State 28

   23 expression: '(' • expression ')'

    NUM    shift, and go to state 20
    IDENT  shift, and go to state 21
    EXP    shift, and go to state 22
    SIN    shift, and go to state 23
    COS    shift, and go to state 24
    LOG    shift, and go to state 25
    SQRT   shift, and go to state 26
    '-'    shift, and go to state 27
    '('    shift, and go to state 28
    '['    shift, and go to state 29

    expression  go to state 52


State 29

   28 expression: '[' • NUM ',' NUM ']'

    NUM  shift, and go to state 53


State 30

    3 input_content: EXPRESSION '{' expression • '}'
   21 expression: expression • '+' expression
   22           | expression • '-' expression
   24           | expression • '*' expression
   25           | expression • '^' NUM
   30           | expression • '/' expression

    '+'  shift, and go to state 54
    '-'  shift, and go to state 55
    '*'  shift, and go to state 56
    '/'  shift, and go to state 57
    '^'  shift, and go to state 58
    '}'  shift, and go to state 59


State 31

   13 univariate_polynomial: univariate_polynomial • '+' univariate_polynomial
   14                      | univariate_polynomial • '-' univariate_polynomial
   16                      | univariate_polynomial • '*' univariate_polynomial
   17                      | univariate_polynomial • '^' NUM
   18                      | '-' univariate_polynomial •

    '^'  shift, and go to state 36

    $default  reduce using rule 18 (univariate_polynomial)


State 32

   13 univariate_polynomial: univariate_polynomial • '+' univariate_polynomial
   14                      | univariate_polynomial • '-' univariate_polynomial
   15                      | '(' univariate_polynomial • ')'
   16                      | univariate_polynomial • '*' univariate_polynomial
   17                      | univariate_polynomial • '^' NUM

    '+'  shift, and go to state 33
    '-'  shift, and go to state 34
    '*'  shift, and go to state 35
    '^'  shift, and go to state 36
    ')'  shift, and go to state 60


State 33

   13 univariate_polynomial: univariate_polynomial '+' • univariate_polynomial

    NUM    shift, and go to state 9
    IDENT  shift, and go to state 10
    '-'    shift, and go to state 11
    '('    shift, and go to state 12

    univariate_polynomial  go to state 61


State 34

   14 univariate_polynomial: univariate_polynomial '-' • univariate_polynomial

    NUM    shift, and go to state 9
    IDENT  shift, and go to state 10
    '-'    shift, and go to state 11
    '('    shift, and go to state 12

    univariate_polynomial  go to state 62


State 35

   16 univariate_polynomial: univariate_polynomial '*' • univariate_polynomial

    NUM    shift, and go to state 9
    IDENT  shift, and go to state 10
    '-'    shift, and go to state 11
    '('    shift, and go to state 12

    univariate_polynomial  go to state 63


State 36

   17 univariate_polynomial: univariate_polynomial '^' • NUM

    NUM  shift, and go to state 64


State 37

    2 input_content: UNIVARIATE_POLYNOMIAL '{' univariate_polynomial '}' •

    $default  reduce using rule 2 (input_content)


State 38

    4 multivariate_polynomial: multivariate_polynomial • '+' multivariate_polynomial
    5                        | multivariate_polynomial • '-' multivariate_polynomial
    7                        | multivariate_polynomial • '*' multivariate_polynomial
    8                        | multivariate_polynomial • '^' NUM
    9                        | '-' multivariate_polynomial •

    '^'  shift, and go to state 44

    $default  reduce using rule 9 (multivariate_polynomial)


State 39

    4 multivariate_polynomial: multivariate_polynomial • '+' multivariate_polynomial
    5                        | multivariate_polynomial • '-' multivariate_polynomial
    6                        | '(' multivariate_polynomial • ')'
    7                        | multivariate_polynomial • '*' multivariate_polynomial
    8                        | multivariate_polynomial • '^' NUM

    '+'  shift, and go to state 41
    '-'  shift, and go to state 42
    '*'  shift, and go to state 43
    '^'  shift, and go to state 44
    ')'  shift, and go to state 65


State 40

   11 multivariate_polynomial: '[' NUM • ',' NUM ']'

    ','  shift, and go to state 66


State 41

    4 multivariate_polynomial: multivariate_polynomial '+' • multivariate_polynomial

    NUM    shift, and go to state 14
    IDENT  shift, and go to state 15
    '-'    shift, and go to state 16
    '('    shift, and go to state 17
    '['    shift, and go to state 18

    multivariate_polynomial  go to state 67


State 42

    5 multivariate_polynomial: multivariate_polynomial '-' • multivariate_polynomial

    NUM    shift, and go to state 14
    IDENT  shift, and go to state 15
    '-'    shift, and go to state 16
    '('    shift, and go to state 17
    '['    shift, and go to state 18

    multivariate_polynomial  go to state 68


State 43

    7 multivariate_polynomial: multivariate_polynomial '*' • multivariate_polynomial

    NUM    shift, and go to state 14
    IDENT  shift, and go to state 15
    '-'    shift, and go to state 16
    '('    shift, and go to state 17
    '['    shift, and go to state 18

    multivariate_polynomial  go to state 69


State 44

    8 multivariate_polynomial: multivariate_polynomial '^' • NUM

    NUM  shift, and go to state 70


State 45

    1 input_content: MULTIVARIATE_POLYNOMIAL '{' multivariate_polynomial '}' •

    $default  reduce using rule 1 (input_content)


State 46

   31 expression: EXP '(' • expression ')'

    NUM    shift, and go to state 20
    IDENT  shift, and go to state 21
    EXP    shift, and go to state 22
    SIN    shift, and go to state 23
    COS    shift, and go to state 24
    LOG    shift, and go to state 25
    SQRT   shift, and go to state 26
    '-'    shift, and go to state 27
    '('    shift, and go to state 28
    '['    shift, and go to state 29

    expression  go to state 71


State 47

   32 expression: SIN '(' • expression ')'

    NUM    shift, and go to state 20
    IDENT  shift, and go to state 21
    EXP    shift, and go to state 22
    SIN    shift, and go to state 23
    COS    shift, and go to state 24
    LOG    shift, and go to state 25
    SQRT   shift, and go to state 26
    '-'    shift, and go to state 27
    '('    shift, and go to state 28
    '['    shift, and go to state 29

    expression  go to state 72


State 48

   33 expression: COS '(' • expression ')'

    NUM    shift, and go to state 20
    IDENT  shift, and go to state 21
    EXP    shift, and go to state 22
    SIN    shift, and go to state 23
    COS    shift, and go to state 24
    LOG    shift, and go to state 25
    SQRT   shift, and go to state 26
    '-'    shift, and go to state 27
    '('    shift, and go to state 28
    '['    shift, and go to state 29

    expression  go to state 73


State 49

   34 expression: LOG '(' • expression ')'

    NUM    shift, and go to state 20
    IDENT  shift, and go to state 21
    EXP    shift, and go to state 22
    SIN    shift, and go to state 23
    COS    shift, and go to state 24
    LOG    shift, and go to state 25
    SQRT   shift, and go to state 26
    '-'    shift, and go to state 27
    '('    shift, and go to state 28
    '['    shift, and go to state 29

    expression  go to state 74


State 50

   35 expression: SQRT '(' • expression ')'

    NUM    shift, and go to state 20
    IDENT  shift, and go to state 21
    EXP    shift, and go to state 22
    SIN    shift, and go to state 23
    COS    shift, and go to state 24
    LOG    shift, and go to state 25
    SQRT   shift, and go to state 26
    '-'    shift, and go to state 27
    '('    shift, and go to state 28
    '['    shift, and go to state 29

    expression  go to state 75


State 51

   21 expression: expression • '+' expression
   22           | expression • '-' expression
   24           | expression • '*' expression
   25           | expression • '^' NUM
   26           | '-' expression •
   30           | expression • '/' expression

    '^'  shift, and go to state 58

    $default  reduce using rule 26 (expression)


State 52

   21 expression: expression • '+' expression
   22           | expression • '-' expression
   23           | '(' expression • ')'
   24           | expression • '*' expression
   25           | expression • '^' NUM
   30           | expression • '/' expression

    '+'  shift, and go to state 54
    '-'  shift, and go to state 55
    '*'  shift, and go to state 56
    '/'  shift, and go to state 57
    '^'  shift, and go to state 58
    ')'  shift, and go to state 76


State 53

   28 expression: '[' NUM • ',' NUM ']'

    ','  shift, and go to state 77


State 54

   21 expression: expression '+' • expression

    NUM    shift, and go to state 20
    IDENT  shift, and go to state 21
    EXP    shift, and go to state 22
    SIN    shift, and go to state 23
    COS    shift, and go to state 24
    LOG    shift, and go to state 25
    SQRT   shift, and go to state 26
    '-'    shift, and go to state 27
    '('    shift, and go to state 28
    '['    shift, and go to state 29

    expression  go to state 78


State 55

   22 expression: expression '-' • expression

    NUM    shift, and go to state 20
    IDENT  shift, and go to state 21
    EXP    shift, and go to state 22
    SIN    shift, and go to state 23
    COS    shift, and go to state 24
    LOG    shift, and go to state 25
    SQRT   shift, and go to state 26
    '-'    shift, and go to state 27
    '('    shift, and go to state 28
    '['    shift, and go to state 29

    expression  go to state 79


State 56

   24 expression: expression '*' • expression

    NUM    shift, and go to state 20
    IDENT  shift, and go to state 21
    EXP    shift, and go to state 22
    SIN    shift, and go to state 23
    COS    shift, and go to state 24
    LOG    shift, and go to state 25
    SQRT   shift, and go to state 26
    '-'    shift, and go to state 27
    '('    shift, and go to state 28
    '['    shift, and go to state 29

    expression  go to state 80


State 57

   30 expression: expression '/' • expression

    NUM    shift, and go to state 20
    IDENT  shift, and go to state 21
    EXP    shift, and go to state 22
    SIN    shift, and go to state 23
    COS    shift, and go to state 24
    LOG    shift, and go to state 25
    SQRT   shift, and go to state 26
    '-'    shift, and go to state 27
    '('    shift, and go to state 28
    '['    shift, and go to state 29

    expression  go to state 81


State 58

   25 expression: expression '^' • NUM

    NUM  shift, and go to state 82


State 59

    3 input_content: EXPRESSION '{' expression '}' •

    $default  reduce using rule 3 (input_content)


State 60

   15 univariate_polynomial: '(' univariate_polynomial ')' •

    $default  reduce using rule 15 (univariate_polynomial)


State 61

   13 univariate_polynomial: univariate_polynomial • '+' univariate_polynomial
   13                      | univariate_polynomial '+' univariate_polynomial •
   14                      | univariate_polynomial • '-' univariate_polynomial
   16                      | univariate_polynomial • '*' univariate_polynomial
   17                      | univariate_polynomial • '^' NUM

    '*'  shift, and go to state 35
    '^'  shift, and go to state 36

    $default  reduce using rule 13 (univariate_polynomial)


State 62

   13 univariate_polynomial: univariate_polynomial • '+' univariate_polynomial
   14                      | univariate_polynomial • '-' univariate_polynomial
   14                      | univariate_polynomial '-' univariate_polynomial •
   16                      | univariate_polynomial • '*' univariate_polynomial
   17                      | univariate_polynomial • '^' NUM

    '*'  shift, and go to state 35
    '^'  shift, and go to state 36

    $default  reduce using rule 14 (univariate_polynomial)


State 63

   13 univariate_polynomial: univariate_polynomial • '+' univariate_polynomial
   14                      | univariate_polynomial • '-' univariate_polynomial
   16                      | univariate_polynomial • '*' univariate_polynomial
   16                      | univariate_polynomial '*' univariate_polynomial •
   17                      | univariate_polynomial • '^' NUM

    '^'  shift, and go to state 36

    $default  reduce using rule 16 (univariate_polynomial)


State 64

   17 univariate_polynomial: univariate_polynomial '^' NUM •

    $default  reduce using rule 17 (univariate_polynomial)


State 65

    6 multivariate_polynomial: '(' multivariate_polynomial ')' •

    $default  reduce using rule 6 (multivariate_polynomial)


State 66

   11 multivariate_polynomial: '[' NUM ',' • NUM ']'

    NUM  shift, and go to state 83


State 67

    4 multivariate_polynomial: multivariate_polynomial • '+' multivariate_polynomial
    4                        | multivariate_polynomial '+' multivariate_polynomial •
    5                        | multivariate_polynomial • '-' multivariate_polynomial
    7                        | multivariate_polynomial • '*' multivariate_polynomial
    8                        | multivariate_polynomial • '^' NUM

    '*'  shift, and go to state 43
    '^'  shift, and go to state 44

    $default  reduce using rule 4 (multivariate_polynomial)


State 68

    4 multivariate_polynomial: multivariate_polynomial • '+' multivariate_polynomial
    5                        | multivariate_polynomial • '-' multivariate_polynomial
    5                        | multivariate_polynomial '-' multivariate_polynomial •
    7                        | multivariate_polynomial • '*' multivariate_polynomial
    8                        | multivariate_polynomial • '^' NUM

    '*'  shift, and go to state 43
    '^'  shift, and go to state 44

    $default  reduce using rule 5 (multivariate_polynomial)


State 69

    4 multivariate_polynomial: multivariate_polynomial • '+' multivariate_polynomial
    5                        | multivariate_polynomial • '-' multivariate_polynomial
    7                        | multivariate_polynomial • '*' multivariate_polynomial
    7                        | multivariate_polynomial '*' multivariate_polynomial •
    8                        | multivariate_polynomial • '^' NUM

    '^'  shift, and go to state 44

    $default  reduce using rule 7 (multivariate_polynomial)


State 70

    8 multivariate_polynomial: multivariate_polynomial '^' NUM •

    $default  reduce using rule 8 (multivariate_polynomial)


State 71

   21 expression: expression • '+' expression
   22           | expression • '-' expression
   24           | expression • '*' expression
   25           | expression • '^' NUM
   30           | expression • '/' expression
   31           | EXP '(' expression • ')'

    '+'  shift, and go to state 54
    '-'  shift, and go to state 55
    '*'  shift, and go to state 56
    '/'  shift, and go to state 57
    '^'  shift, and go to state 58
    ')'  shift, and go to state 84


State 72

   21 expression: expression • '+' expression
   22           | expression • '-' expression
   24           | expression • '*' expression
   25           | expression • '^' NUM
   30           | expression • '/' expression
   32           | SIN '(' expression • ')'

    '+'  shift, and go to state 54
    '-'  shift, and go to state 55
    '*'  shift, and go to state 56
    '/'  shift, and go to state 57
    '^'  shift, and go to state 58
    ')'  shift, and go to state 85


State 73

   21 expression: expression • '+' expression
   22           | expression • '-' expression
   24           | expression • '*' expression
   25           | expression • '^' NUM
   30           | expression • '/' expression
   33           | COS '(' expression • ')'

    '+'  shift, and go to state 54
    '-'  shift, and go to state 55
    '*'  shift, and go to state 56
    '/'  shift, and go to state 57
    '^'  shift, and go to state 58
    ')'  shift, and go to state 86


State 74

   21 expression: expression • '+' expression
   22           | expression • '-' expression
   24           | expression • '*' expression
   25           | expression • '^' NUM
   30           | expression • '/' expression
   34           | LOG '(' expression • ')'

    '+'  shift, and go to state 54
    '-'  shift, and go to state 55
    '*'  shift, and go to state 56
    '/'  shift, and go to state 57
    '^'  shift, and go to state 58
    ')'  shift, and go to state 87


State 75

   21 expression: expression • '+' expression
   22           | expression • '-' expression
   24           | expression • '*' expression
   25           | expression • '^' NUM
   30           | expression • '/' expression
   35           | SQRT '(' expression • ')'

    '+'  shift, and go to state 54
    '-'  shift, and go to state 55
    '*'  shift, and go to state 56
    '/'  shift, and go to state 57
    '^'  shift, and go to state 58
    ')'  shift, and go to state 88


State 76

   23 expression: '(' expression ')' •

    $default  reduce using rule 23 (expression)


State 77

   28 expression: '[' NUM ',' • NUM ']'

    NUM  shift, and go to state 89


State 78

   21 expression: expression • '+' expression
   21           | expression '+' expression •
   22           | expression • '-' expression
   24           | expression • '*' expression
   25           | expression • '^' NUM
   30           | expression • '/' expression

    '*'  shift, and go to state 56
    '/'  shift, and go to state 57
    '^'  shift, and go to state 58

    $default  reduce using rule 21 (expression)


State 79

   21 expression: expression • '+' expression
   22           | expression • '-' expression
   22           | expression '-' expression •
   24           | expression • '*' expression
   25           | expression • '^' NUM
   30           | expression • '/' expression

    '*'  shift, and go to state 56
    '/'  shift, and go to state 57
    '^'  shift, and go to state 58

    $default  reduce using rule 22 (expression)


State 80

   21 expression: expression • '+' expression
   22           | expression • '-' expression
   24           | expression • '*' expression
   24           | expression '*' expression •
   25           | expression • '^' NUM
   30           | expression • '/' expression

    '^'  shift, and go to state 58

    $default  reduce using rule 24 (expression)


State 81

   21 expression: expression • '+' expression
   22           | expression • '-' expression
   24           | expression • '*' expression
   25           | expression • '^' NUM
   30           | expression • '/' expression
   30           | expression '/' expression •

    '^'  shift, and go to state 58

    $default  reduce using rule 30 (expression)


State 82

   25 expression: expression '^' NUM •

    $default  reduce using rule 25 (expression)


State 83

   11 multivariate_polynomial: '[' NUM ',' NUM • ']'

    ']'  shift, and go to state 90


State 84

   31 expression: EXP '(' expression ')' •

    $default  reduce using rule 31 (expression)


State 85

   32 expression: SIN '(' expression ')' •

    $default  reduce using rule 32 (expression)


State 86

   33 expression: COS '(' expression ')' •

    $default  reduce using rule 33 (expression)


State 87

   34 expression: LOG '(' expression ')' •

    $default  reduce using rule 34 (expression)


State 88

   35 expression: SQRT '(' expression ')' •

    $default  reduce using rule 35 (expression)


State 89

   28 expression: '[' NUM ',' NUM • ']'

    ']'  shift, and go to state 91


State 90

   11 multivariate_polynomial: '[' NUM ',' NUM ']' •

    $default  reduce using rule 11 (multivariate_polynomial)


State 91

   28 expression: '[' NUM ',' NUM ']' •

    $default  reduce using rule 28 (expression)
